Iteration 0 50.02 0.73221
Iteration 1 30.314 0.155186
Iteration 2 24.5963 0.125397
Iteration 3 569.176 0.088007
Iteration 4 99.1113 0.0567701
Iteration 5 110.531 0.0348726
Iteration 6 63.7322 0.0207676
Iteration 7 16.202 0.0121734
Iteration 8 6.41421 0.0071517
Iteration 9 23.1303 0.00426192
Iteration 10 7.42174 0.00267407
Iteration 11 48.7612 0.00181449
Iteration 12 28.5038 0.00141369
Iteration 13 25.3601 0.00106176
Iteration 14 3.40253 0.000772756
Iteration 15 2.23612 0.000570012
Iteration 16 17.2538 0.00039851
Iteration 17 19.1736 0.000269526
Iteration 18 0.668578 0.000178321
Iteration 19 0.804964 0.000134742
Iteration 20 2.67624 0.000127601
Iteration 21 1.02801 9.96646e-05
Iteration 22 0.640988 7.12481e-05
Iteration 23 1.10728 4.84456e-05
Iteration 24 6.38152 3.19184e-05
Iteration 25 0.533331 2.05892e-05
Iteration 26 0.214237 1.30868e-05
Iteration 27 0.108559 8.23102e-06
Iteration 28 0.0602153 5.13773e-06
Iteration 29 0.0349126 3.18933e-06
Iteration 30 0.0212665 1.97202e-06
Iteration 31 0.0134646 1.21594e-06
Iteration 32 0.0084579 7.48324e-07
Iteration 33 0.00528672 4.59984e-07
Iteration 34 0.00329459 2.82552e-07
Iteration 35 0.00204948 1.73514e-07
Iteration 36 0.00127365 1.06558e-07
Iteration 37 0.000791104 6.54566e-08
Iteration 38 0.000491273 4.02267e-08
Iteration 39 0.000305069 2.47356e-08
Iteration 40 0.000189456 1.522e-08
Iteration 41 0.000117674 9.37164e-09
Iteration 42 7.31013e-05 5.77479e-09
